0 info it worked if it ends with ok
1 verbose cli [ 'C:\\Users\\Ashton\\AppData\\Local\\atom\\app-1.14.4\\resources\\app\\apm\\bin\\node.exe',
1 verbose cli   'C:\\Users\\Ashton\\AppData\\Local\\atom\\app-1.14.4\\resources\\app\\apm\\node_modules\\npm\\bin\\npm-cli.js',
1 verbose cli   'run',
1 verbose cli   'dev' ]
2 info using npm@3.10.5
3 info using node@v4.4.5
4 verbose run-script [ 'predev', 'dev', 'postdev' ]
5 info lifecycle @~predev: @
6 silly lifecycle @~predev: no script for predev, continuing
7 info lifecycle @~dev: @
8 verbose lifecycle @~dev: unsafe-perm in lifecycle true
9 verbose lifecycle @~dev: PATH: C:\Users\Ashton\AppData\Local\atom\app-1.14.4\resources\app\apm\node_modules\npm\bin\node-gyp-bin;C:\Users\Ashton\Documents\Laravel\sites\serene-river-68985\node_modules\.bin;C:\Users\Ashton\AppData\Local\atom\app-1.14.4\resources\app\apm\bin;C:\Users\Ashton\AppData\Local\atom\app-1.14.4\resources\app\apm\bin;C:\Users\Ashton\bin;C:\Program Files\Git\mingw64\bin;C:\Program Files\Git\usr\local\bin;C:\Program Files\Git\usr\bin;C:\Program Files\Git\usr\bin;C:\Program Files\Git\mingw64\bin;C:\Program Files\Git\usr\bin;C:\Users\Ashton\bin;C:\ProgramData\Oracle\Java\javapath;C:\Windows\system32;C:\Windows;C:\Windows\System32\Wbem;C:\Windows\System32\WindowsPowerShell\v1.0;C:\cygwin64;C:\wamp\bin\php\php7.1.0;C:\ProgramData\chocolatey\bin;C:\Program Files (x86)\Heroku\bin;C:\Program Files (x86)\Skype\Phone;C:\HashiCorp\Vagrant\bin;C:\Program Files (x86)\phpDocumentor\vendor\phpdocumentor\phpdocumentor\bin;C:\Program Files (x86)\Graphviz2.38\bin;C:\Users\Ashton\Anaconda3;C:\Users\Ashton\Anaconda3\Scripts;C:\Users\Ashton\Anaconda3\Library\bin;C:\Ruby22-x64\bin;C:\ProgramData\ComposerSetup\bin;C:\Users\Ashton\AppData\Roaming\npm;C:\Program Files\PostgreSQL\9.6\bin;C:\Users\Ashton\AppData\Local\atom\app-1.14.4;C:\Users\Ashton\AppData\Local\atom\app-1.14.4\resources\app\apm\bin;C:\Program Files\nodejs;C:\ProgramData\ComposerSetup\bin\vendor\bin;C:\Program Files\Git\usr\bin\vendor_perl;C:\Program Files\Git\usr\bin\core_perl
10 verbose lifecycle @~dev: CWD: C:\Users\Ashton\Documents\Laravel\sites\serene-river-68985
11 silly lifecycle @~dev: Args: [ '/d /s /c', 'gulp watch' ]
12 silly lifecycle @~dev: Returned: code: 1  signal: null
13 info lifecycle @~dev: Failed to exec dev script
14 verbose stack Error: @ dev: `gulp watch`
14 verbose stack Exit status 1
14 verbose stack     at EventEmitter.<anonymous> (C:\Users\Ashton\AppData\Local\atom\app-1.14.4\resources\app\apm\node_modules\npm\lib\utils\lifecycle.js:242:16)
14 verbose stack     at emitTwo (events.js:87:13)
14 verbose stack     at EventEmitter.emit (events.js:172:7)
14 verbose stack     at ChildProcess.<anonymous> (C:\Users\Ashton\AppData\Local\atom\app-1.14.4\resources\app\apm\node_modules\npm\lib\utils\spawn.js:40:14)
14 verbose stack     at emitTwo (events.js:87:13)
14 verbose stack     at ChildProcess.emit (events.js:172:7)
14 verbose stack     at maybeClose (internal/child_process.js:827:16)
14 verbose stack     at Process.ChildProcess._handle.onexit (internal/child_process.js:211:5)
15 verbose pkgid @
16 verbose cwd C:\Users\Ashton\Documents\Laravel\sites\serene-river-68985
17 error Windows_NT 6.1.7601
18 error argv "C:\\Users\\Ashton\\AppData\\Local\\atom\\app-1.14.4\\resources\\app\\apm\\bin\\node.exe" "C:\\Users\\Ashton\\AppData\\Local\\atom\\app-1.14.4\\resources\\app\\apm\\node_modules\\npm\\bin\\npm-cli.js" "run" "dev"
19 error node v4.4.5
20 error npm  v3.10.5
21 error code ELIFECYCLE
22 error @ dev: `gulp watch`
22 error Exit status 1
23 error Failed at the @ dev script 'gulp watch'.
23 error Make sure you have the latest version of node.js and npm installed.
23 error If you do, this is most likely a problem with the  package,
23 error not with npm itself.
23 error Tell the author that this fails on your system:
23 error     gulp watch
23 error You can get information on how to open an issue for this project with:
23 error     npm bugs
23 error Or if that isn't available, you can get their info via:
23 error     npm owner ls
23 error There is likely additional logging output above.
24 verbose exit [ 1, true ]
